<?xml version="1.0" encoding="UTF-8"?>
<testsuite xmlns:xsi="http://www.w3.org/2001/XMLSchema-instance" xsi:noNamespaceSchemaLocation="https://maven.apache.org/surefire/maven-surefire-plugin/xsd/surefire-test-report-3.0.xsd" version="3.0" name="TestSuite" time="3.219" tests="2" errors="0" skipped="1" failures="1">
  <properties>
[...]
</properties>
  <testcase name="EnGRC[Iphone 12 Pro Mini Simulator, 14.5, ios, Safari, oauth-infotechdemoacc21-ec740, 2ea8e774-070a-4790-8243-40667799793c, Testing, build2](0)" classname="com.tests.ENGRCMobilewithArgs" time="2.989">
    <failure message="Unable to parse remote response: Invalid device name specified: Iphone 12 Pro Mini Simulator&#10;Build info: version: &apos;3.9.1&apos;, revision: &apos;63f7b50&apos;, time: &apos;2018-02-07T22:25:02.294Z&apos;&#10;System info: host: &apos;FLEXIB&apos;, ip: &apos;10.43.9.176&apos;, os.name: &apos;Windows Server 2012 R2&apos;, os.arch: &apos;amd64&apos;, os.version: &apos;6.3&apos;, java.version: &apos;11.0.10&apos;&#10;Driver info: driver.version: RemoteWebDriver" type="org.openqa.selenium.WebDriverException"><![CDATA[org.openqa.selenium.WebDriverException: 
Unable to parse remote response: Invalid device name specified: Iphone 12 Pro Mini Simulator
Build info: version: '3.9.1', revision: '63f7b50', time: '2018-02-07T22:25:02.294Z'
System info: host: 'FLEXIB', ip: '10.43.9.176', os.name: 'Windows Server 2012 R2', os.arch: 'amd64', os.version: '6.3', java.version: '11.0.10'
Driver info: driver.version: RemoteWebDriver
	at com.tests.ENGRCMobilewithArgs.EnGRC(ENGRCMobilewithArgs.java:77)
]]></failure>
  </testcase>
  <testcase name="ENGRCUserNavigation" classname="com.tests.ENGRCMobilewithArgs" time="0">
    <skipped message="Unable to parse remote response: Invalid device name specified: Iphone 12 Pro Mini Simulator&#10;Build info: version: &apos;3.9.1&apos;, revision: &apos;63f7b50&apos;, time: &apos;2018-02-07T22:25:02.294Z&apos;&#10;System info: host: &apos;FLEXIB&apos;, ip: &apos;10.43.9.176&apos;, os.name: &apos;Windows Server 2012 R2&apos;, os.arch: &apos;amd64&apos;, os.version: &apos;6.3&apos;, java.version: &apos;11.0.10&apos;&#10;Driver info: driver.version: RemoteWebDriver"/>
  </testcase>
</testsuite>