<?xml version="1.0" encoding="UTF-8"?>
<!-- Generated by org.testng.reporters.JUnitXMLReporter -->
<testsuite ignored="0" hostname="Flexib" failures="0" tests="1" name="Test1" time="2.298" errors="0" timestamp="10 Nov 2021 09:32:38 GMT">
  <testcase classname="com.tests.ENGRCMobilewithArgs" name="@BeforeMethod EnGRC" time="2.243">
    <failure type="org.openqa.selenium.WebDriverException" message="Unable to parse remote response: Invalid device name specified: Iphone 12 Pro Mini Simulator
Build info: version: &amp;apos;3.9.1&amp;apos;, revision: &amp;apos;63f7b50&amp;apos;, time: &amp;apos;2018-02-07T22:25:02.294Z&amp;apos;
System info: host: &amp;apos;FLEXIB&amp;apos;, ip: &amp;apos;10.43.9.176&amp;apos;, os.name: &amp;apos;Windows Server 2012 R2&amp;apos;, os.arch: &amp;apos;amd64&amp;apos;, os.version: &amp;apos;6.3&amp;apos;, java.version: &amp;apos;11.0.10&amp;apos;
Driver info: driver.version: RemoteWebDriver">
      <![CDATA[org.openqa.selenium.WebDriverException: Unable to parse remote response: Invalid device name specified: Iphone 12 Pro Mini Simulator
Build info: version: '3.9.1', revision: '63f7b50', time: '2018-02-07T22:25:02.294Z'
System info: host: 'FLEXIB', ip: '10.43.9.176', os.name: 'Windows Server 2012 R2', os.arch: 'amd64', os.version: '6.3', java.version: '11.0.10'
Driver info: driver.version: RemoteWebDriver
at org.openqa.selenium.remote.ProtocolHandshake.createSession(ProtocolHandshake.java:347)
at org.openqa.selenium.remote.ProtocolHandshake.createSession(ProtocolHandshake.java:136)
at org.openqa.selenium.remote.HttpCommandExecutor.execute(HttpCommandExecutor.java:142)
at org.openqa.selenium.remote.RemoteWebDriver.execute(RemoteWebDriver.java:586)
at org.openqa.selenium.remote.RemoteWebDriver.startSession(RemoteWebDriver.java:217)
at org.openqa.selenium.remote.RemoteWebDriver.<init>(RemoteWebDriver.java:140)
at org.openqa.selenium.remote.RemoteWebDriver.<init>(RemoteWebDriver.java:153)
at com.tests.ENGRCMobilewithArgs.EnGRC(ENGRCMobilewithArgs.java:77)
... Removed 32 stack frames]]>
    </failure>
  </testcase> <!-- @BeforeMethod EnGRC -->
  <testcase classname="com.tests.ENGRCMobilewithArgs" name="ENGRCUserNavigation" time="0.0">
    <skipped/>
  </testcase> <!-- ENGRCUserNavigation -->
</testsuite> <!-- Test1 -->
